<?xml version="1.0" encoding="UTF-8"?>
<testsuite name="DigitalUnit" tests="1" skipped="0" failures="0" errors="0" timestamp="2025-05-27T18:04:37.238Z" hostname="DESKTOP-4VGS87F" time="8.638">
  <properties/>
  <testcase name="Fillup The User Form" classname="DigitalUnit" time="8.638"/>
  <system-out><![CDATA[]]></system-out>
  <system-err><![CDATA[]]></system-err>
</testsuite>
